<?xml version="1.0" encoding="UTF-8"?>
<!-- Generated by org.testng.reporters.JUnitReportReporter -->
<testsuite ignored="0" hostname="DESKTOP-HJSPQA8" failures="0" tests="6" name="testNg.LearnPriority" time="0.027" errors="0" timestamp="30 May 2021 11:44:05 GMT" skipped="0">
  <testcase classname="testNg.LearnPriority" name="testMinus1" time="0.001"/>
  <testcase classname="testNg.LearnPriority" name="test4" time="0.002"/>
  <testcase classname="testNg.LearnPriority" name="testMinus2" time="0.018"/>
  <testcase classname="testNg.LearnPriority" name="test1" time="0.002"/>
  <testcase classname="testNg.LearnPriority" name="atest2" time="0.002"/>
  <testcase classname="testNg.LearnPriority" name="test3" time="0.002"/>
</testsuite> <!-- testNg.LearnPriority -->
